[1105/134549.080:WARNING:minidump_to_upload_parameters.cc(66)] duplicate annotation name plat, discarding value Win64
[1105/134554.060:WARNING:minidump_to_upload_parameters.cc(66)] duplicate annotation name prod, discarding value OperaDesktop
[1105/134554.060:WARNING:minidump_to_upload_parameters.cc(66)] duplicate annotation name ver, discarding value 56.0.3051.43
[1105/134554.060:WARNING:minidump_to_upload_parameters.cc(66)] duplicate annotation name channel, discarding value Stable
[1105/134554.060:WARNING:minidump_to_upload_parameters.cc(66)] duplicate annotation name ptype, discarding value gpu-process
[1105/162421.873:ERROR:process_reader_win.cc(242)] ReadMemory at 0xebf9bf2000 of 57344 bytes failed: Only part of a ReadProcessMemory or WriteProcessMemory request was completed. (0x12B)
[1105/162422.357:ERROR:process_reader_win.cc(242)] ReadMemory at 0xebf9dff000 of 4096 bytes failed: Only part of a ReadProcessMemory or WriteProcessMemory request was completed. (0x12B)
[1105/162422.357:ERROR:process_reader_win.cc(242)] ReadMemory at 0xebf9ffe000 of 8192 bytes failed: Only part of a ReadProcessMemory or WriteProcessMemory request was completed. (0x12B)
[1105/162422.357:ERROR:process_reader_win.cc(242)] ReadMemory at 0xebfa1fe000 of 8192 bytes failed: Only part of a ReadProcessMemory or WriteProcessMemory request was completed. (0x12B)
[1105/162422.357:ERROR:process_reader_win.cc(242)] ReadMemory at 0xebfa3fe000 of 8192 bytes failed: Only part of a ReadProcessMemory or WriteProcessMemory request was completed. (0x12B)
[1105/162422.357:ERROR:process_reader_win.cc(242)] ReadMemory at 0xebfa5fe000 of 8192 bytes failed: Only part of a ReadProcessMemory or WriteProcessMemory request was completed. (0x12B)
[1105/162422.358:ERROR:process_reader_win.cc(242)] ReadMemory at 0xebfa7fe000 of 8192 bytes failed: Only part of a ReadProcessMemory or WriteProcessMemory request was completed. (0x12B)
[1105/162422.358:ERROR:process_reader_win.cc(242)] ReadMemory at 0xebfa9fe000 of 8192 bytes failed: Only part of a ReadProcessMemory or WriteProcessMemory request was completed. (0x12B)
[1105/162422.358:ERROR:process_reader_win.cc(242)] ReadMemory at 0xebfabfe000 of 8192 bytes failed: Only part of a ReadProcessMemory or WriteProcessMemory request was completed. (0x12B)
[1105/162422.358:ERROR:process_reader_win.cc(242)] ReadMemory at 0xebfadfd000 of 12288 bytes failed: Only part of a ReadProcessMemory or WriteProcessMemory request was completed. (0x12B)
[1105/162422.358:ERROR:process_reader_win.cc(242)] ReadMemory at 0xebfaffe000 of 8192 bytes failed: Only part of a ReadProcessMemory or WriteProcessMemory request was completed. (0x12B)
[1105/162422.358:ERROR:process_reader_win.cc(242)] ReadMemory at 0xebfb1fd000 of 12288 bytes failed: Only part of a ReadProcessMemory or WriteProcessMemory request was completed. (0x12B)
[1105/162422.358:ERROR:process_reader_win.cc(242)] ReadMemory at 0xebfb5fe000 of 8192 bytes failed: Only part of a ReadProcessMemory or WriteProcessMemory request was completed. (0x12B)
[1105/162422.358:ERROR:process_reader_win.cc(242)] ReadMemory at 0xebfb7fd000 of 12288 bytes failed: Only part of a ReadProcessMemory or WriteProcessMemory request was completed. (0x12B)
[1105/162422.358:ERROR:process_reader_win.cc(242)] ReadMemory at 0xebfb9fe000 of 8192 bytes failed: Only part of a ReadProcessMemory or WriteProcessMemory request was completed. (0x12B)
[1105/162422.358:ERROR:process_reader_win.cc(242)] ReadMemory at 0xebfbbfe000 of 8192 bytes failed: Only part of a ReadProcessMemory or WriteProcessMemory request was completed. (0x12B)
[1105/162422.358:ERROR:process_reader_win.cc(242)] ReadMemory at 0xebf9818000 of 852 bytes failed: Only part of a ReadProcessMemory or WriteProcessMemory request was completed. (0x12B)
[1105/162422.358:ERROR:process_reader_win.cc(242)] ReadMemory at 0xebf9819000 of 6024 bytes failed: Only part of a ReadProcessMemory or WriteProcessMemory request was completed. (0x12B)
[1105/162422.358:ERROR:process_reader_win.cc(242)] ReadMemory at 0xebf981b000 of 6024 bytes failed: Only part of a ReadProcessMemory or WriteProcessMemory request was completed. (0x12B)
[1105/162422.358:ERROR:process_reader_win.cc(242)] ReadMemory at 0xebf981d000 of 6024 bytes failed: Only part of a ReadProcessMemory or WriteProcessMemory request was completed. (0x12B)
[1105/162422.358:ERROR:process_reader_win.cc(242)] ReadMemory at 0xebf9821000 of 6024 bytes failed: Only part of a ReadProcessMemory or WriteProcessMemory request was completed. (0x12B)
[1105/162422.363:ERROR:process_reader_win.cc(242)] ReadMemory at 0xebf9823000 of 6024 bytes failed: Only part of a ReadProcessMemory or WriteProcessMemory request was completed. (0x12B)
[1105/162422.363:ERROR:process_reader_win.cc(242)] ReadMemory at 0xebf9825000 of 6024 bytes failed: Only part of a ReadProcessMemory or WriteProcessMemory request was completed. (0x12B)
[1105/162422.363:ERROR:process_reader_win.cc(242)] ReadMemory at 0xebf9827000 of 6024 bytes failed: Only part of a ReadProcessMemory or WriteProcessMemory request was completed. (0x12B)
[1105/162422.363:ERROR:process_reader_win.cc(242)] ReadMemory at 0xebf9829000 of 6024 bytes failed: Only part of a ReadProcessMemory or WriteProcessMemory request was completed. (0x12B)
[1105/162422.364:ERROR:process_reader_win.cc(242)] ReadMemory at 0xebf982b000 of 6024 bytes failed: Only part of a ReadProcessMemory or WriteProcessMemory request was completed. (0x12B)
[1105/162422.364:ERROR:process_reader_win.cc(242)] ReadMemory at 0xebf982d000 of 6024 bytes failed: Only part of a ReadProcessMemory or WriteProcessMemory request was completed. (0x12B)
[1105/162422.364:ERROR:process_reader_win.cc(242)] ReadMemory at 0xebf982f000 of 6024 bytes failed: Only part of a ReadProcessMemory or WriteProcessMemory request was completed. (0x12B)
[1105/162422.364:ERROR:process_reader_win.cc(242)] ReadMemory at 0xebf984b000 of 6024 bytes failed: Only part of a ReadProcessMemory or WriteProcessMemory request was completed. (0x12B)
[1105/162422.364:ERROR:process_reader_win.cc(242)] ReadMemory at 0xebf984d000 of 6024 bytes failed: Only part of a ReadProcessMemory or WriteProcessMemory request was completed. (0x12B)
[1105/162422.364:ERROR:process_reader_win.cc(242)] ReadMemory at 0xebf984f000 of 6024 bytes failed: Only part of a ReadProcessMemory or WriteProcessMemory request was completed. (0x12B)
[1105/162422.364:ERROR:process_reader_win.cc(242)] ReadMemory at 0xebf9851000 of 6024 bytes failed: Only part of a ReadProcessMemory or WriteProcessMemory request was completed. (0x12B)
[1105/162422.364:ERROR:process_reader_win.cc(242)] ReadMemory at 0xebf9859000 of 6024 bytes failed: Only part of a ReadProcessMemory or WriteProcessMemory request was completed. (0x12B)
[1105/162422.364:ERROR:process_reader_win.cc(242)] ReadMemory at 0x2afa8aa0ab0 of 512 bytes failed: Only part of a ReadProcessMemory or WriteProcessMemory request was completed. (0x12B)
[1105/162422.364:ERROR:process_reader_win.cc(242)] ReadMemory at 0x2afa8aa0fc0 of 15704 bytes failed: Only part of a ReadProcessMemory or WriteProcessMemory request was completed. (0x12B)
[1105/162422.364:ERROR:process_reader_win.cc(242)] ReadMemory at 0x2afa8aa4d20 of 1012 bytes failed: Only part of a ReadProcessMemory or WriteProcessMemory request was completed. (0x12B)
[1105/162422.364:ERROR:process_reader_win.cc(242)] ReadMemory at 0x2afa8aa5338 of 90 bytes failed: Only part of a ReadProcessMemory or WriteProcessMemory request was completed. (0x12B)
[1105/162422.364:ERROR:process_reader_win.cc(242)] ReadMemory at 0x2afa8aa5394 of 1722 bytes failed: Only part of a ReadProcessMemory or WriteProcessMemory request was completed. (0x12B)
[1105/162422.364:ERROR:process_reader_win.cc(242)] ReadMemory at 0x2afa8aa5a50 of 90 bytes failed: Only part of a ReadProcessMemory or WriteProcessMemory request was completed. (0x12B)
[1105/162422.364:ERROR:process_reader_win.cc(242)] ReadMemory at 0x2afa8aa5aac of 30 bytes failed: Only part of a ReadProcessMemory or WriteProcessMemory request was completed. (0x12B)
[1105/162422.364:ERROR:process_reader_win.cc(242)] ReadMemory at 0x2afa8aa5ae0 of 58 bytes failed: Only part of a ReadProcessMemory or WriteProcessMemory request was completed. (0x12B)
[1105/162422.364:ERROR:process_reader_win.cc(242)] ReadMemory at 0x2afa8aa5be0 of 132 bytes failed: Only part of a ReadProcessMemory or WriteProcessMemory request was completed. (0x12B)
[1105/162422.364:ERROR:process_reader_win.cc(242)] ReadMemory at 0x2afa8aa5d70 of 132 bytes failed: Only part of a ReadProcessMemory or WriteProcessMemory request was completed. (0x12B)
[1105/162422.364:ERROR:process_reader_win.cc(242)] ReadMemory at 0x2afa8aa60c0 of 108 bytes failed: Only part of a ReadProcessMemory or WriteProcessMemory request was completed. (0x12B)
[1105/162422.368:ERROR:process_reader_win.cc(242)] ReadMemory at 0x2afa8aa6340 of 132 bytes failed: Only part of a ReadProcessMemory or WriteProcessMemory request was completed. (0x12B)
[1105/162422.368:ERROR:process_reader_win.cc(242)] ReadMemory at 0x2afa8aa64d0 of 98 bytes failed: Only part of a ReadProcessMemory or WriteProcessMemory request was completed. (0x12B)
[1105/162422.368:ERROR:process_reader_win.cc(242)] ReadMemory at 0x2afa8aa6680 of 132 bytes failed: Only part of a ReadProcessMemory or WriteProcessMemory request was completed. (0x12B)
[1105/162422.368:ERROR:process_reader_win.cc(242)] ReadMemory at 0x2afa8aa6810 of 108 bytes failed: Only part of a ReadProcessMemory or WriteProcessMemory request was completed. (0x12B)
[1105/162422.368:ERROR:process_reader_win.cc(242)] ReadMemory at 0x2afa8aa6af0 of 132 bytes failed: Only part of a ReadProcessMemory or WriteProcessMemory request was completed. (0x12B)
[1105/162422.368:ERROR:process_reader_win.cc(242)] ReadMemory at 0x2afa8aa6c80 of 64 bytes failed: Only part of a ReadProcessMemory or WriteProcessMemory request was completed. (0x12B)
[1105/162422.368:ERROR:process_reader_win.cc(242)] ReadMemory at 0x2afa8aa6cd0 of 132 bytes failed: Only part of a ReadProcessMemory or WriteProcessMemory request was completed. (0x12B)
[1105/162422.369:ERROR:process_reader_win.cc(242)] ReadMemory at 0x2afa8aa7040 of 62 bytes failed: Only part of a ReadProcessMemory or WriteProcessMemory request was completed. (0x12B)
[1105/162422.369:ERROR:process_reader_win.cc(242)] ReadMemory at 0x2afa8aa70d0 of 132 bytes failed: Only part of a ReadProcessMemory or WriteProcessMemory request was completed. (0x12B)
[1105/162422.369:ERROR:process_reader_win.cc(242)] ReadMemory at 0x2afa8aa7260 of 68 bytes failed: Only part of a ReadProcessMemory or WriteProcessMemory request was completed. (0x12B)
[1105/162422.369:ERROR:process_reader_win.cc(242)] ReadMemory at 0x2afa8ab25c0 of 54 bytes failed: Only part of a ReadProcessMemory or WriteProcessMemory request was completed. (0x12B)
[1105/162422.370:ERROR:process_reader_win.cc(242)] ReadMemory at 0x2afa8ab3890 of 62 bytes failed: Only part of a ReadProcessMemory or WriteProcessMemory request was completed. (0x12B)
[1105/162422.371:ERROR:process_reader_win.cc(242)] ReadMemory at 0x2afa8ab38e0 of 64 bytes failed: Only part of a ReadProcessMemory or WriteProcessMemory request was completed. (0x12B)
[1105/162422.371:ERROR:process_reader_win.cc(242)] ReadMemory at 0x2afa8ab3930 of 66 bytes failed: Only part of a ReadProcessMemory or WriteProcessMemory request was completed. (0x12B)
[1105/162422.371:ERROR:process_reader_win.cc(242)] ReadMemory at 0x2afa8ab3980 of 60 bytes failed: Only part of a ReadProcessMemory or WriteProcessMemory request was completed. (0x12B)
[1105/162422.371:ERROR:process_reader_win.cc(242)] ReadMemory at 0x2afa8ab39d0 of 60 bytes failed: Only part of a ReadProcessMemory or WriteProcessMemory request was completed. (0x12B)
[1105/162422.371:ERROR:process_reader_win.cc(242)] ReadMemory at 0x2afa8ab3a20 of 58 bytes failed: Only part of a ReadProcessMemory or WriteProcessMemory request was completed. (0x12B)
[1105/162422.371:ERROR:process_reader_win.cc(242)] ReadMemory at 0x2afa8ab3a70 of 64 bytes failed: Only part of a ReadProcessMemory or WriteProcessMemory request was completed. (0x12B)
[1105/162422.372:ERROR:process_reader_win.cc(242)] ReadMemory at 0x2afa8ab3ac0 of 60 bytes failed: Only part of a ReadProcessMemory or WriteProcessMemory request was completed. (0x12B)
[1105/162422.372:ERROR:process_reader_win.cc(242)] ReadMemory at 0x2afa8ab3b10 of 64 bytes failed: Only part of a ReadProcessMemory or WriteProcessMemory request was completed. (0x12B)
[1105/162422.372:ERROR:process_reader_win.cc(242)] ReadMemory at 0x2afa8ab3bb0 of 62 bytes failed: Only part of a ReadProcessMemory or WriteProcessMemory request was completed. (0x12B)
[1105/162422.372:ERROR:process_reader_win.cc(242)] ReadMemory at 0x2afa8ab3c00 of 60 bytes failed: Only part of a ReadProcessMemory or WriteProcessMemory request was completed. (0x12B)
[1105/162422.372:ERROR:process_reader_win.cc(242)] ReadMemory at 0x2afa8ab3c50 of 62 bytes failed: Only part of a ReadProcessMemory or WriteProcessMemory request was completed. (0x12B)
[1105/162422.372:ERROR:process_reader_win.cc(242)] ReadMemory at 0x2afa8ab3ca0 of 64 bytes failed: Only part of a ReadProcessMemory or WriteProcessMemory request was completed. (0x12B)
[1105/162422.372:ERROR:process_reader_win.cc(242)] ReadMemory at 0x2afa8ab3d40 of 62 bytes failed: Only part of a ReadProcessMemory or WriteProcessMemory request was completed. (0x12B)
[1105/162422.372:ERROR:process_reader_win.cc(242)] ReadMemory at 0x2afa8ab3d90 of 64 bytes failed: Only part of a ReadProcessMemory or WriteProcessMemory request was completed. (0x12B)
[1105/162422.372:ERROR:process_reader_win.cc(242)] ReadMemory at 0x2afa8ab3e30 of 60 bytes failed: Only part of a ReadProcessMemory or WriteProcessMemory request was completed. (0x12B)
[1105/162422.372:ERROR:process_reader_win.cc(242)] ReadMemory at 0x2afa8ab3e80 of 62 bytes failed: Only part of a ReadProcessMemory or WriteProcessMemory request was completed. (0x12B)
[1105/162422.372:ERROR:process_reader_win.cc(242)] ReadMemory at 0x2afa8ab3ed0 of 58 bytes failed: Only part of a ReadProcessMemory or WriteProcessMemory request was completed. (0x12B)
[1105/162422.372:ERROR:process_reader_win.cc(242)] ReadMemory at 0x2afa8ab3f20 of 66 bytes failed: Only part of a ReadProcessMemory or WriteProcessMemory request was completed. (0x12B)
[1105/162422.372:ERROR:process_reader_win.cc(242)] ReadMemory at 0x2afa8ab4ee0 of 132 bytes failed: Only part of a ReadProcessMemory or WriteProcessMemory request was completed. (0x12B)
[1105/162422.372:ERROR:process_reader_win.cc(242)] ReadMemory at 0x2afa8ab5230 of 132 bytes failed: Only part of a ReadProcessMemory or WriteProcessMemory request was completed. (0x12B)
[1105/162422.372:ERROR:process_reader_win.cc(242)] ReadMemory at 0x2afa8ab5440 of 132 bytes failed: Only part of a ReadProcessMemory or WriteProcessMemory request was completed. (0x12B)
[1105/162422.372:ERROR:process_reader_win.cc(242)] ReadMemory at 0x2afa8ab7710 of 132 bytes failed: Only part of a ReadProcessMemory or WriteProcessMemory request was completed. (0x12B)
[1105/162422.372:ERROR:process_reader_win.cc(242)] ReadMemory at 0x2afa8ab7ad0 of 132 bytes failed: Only part of a ReadProcessMemory or WriteProcessMemory request was completed. (0x12B)
[1105/162422.372:ERROR:process_reader_win.cc(242)] ReadMemory at 0x2afa8ab7e30 of 132 bytes failed: Only part of a ReadProcessMemory or WriteProcessMemory request was completed. (0x12B)
[1105/162422.372:ERROR:process_reader_win.cc(242)] ReadMemory at 0x2afa8ab8140 of 78 bytes failed: Only part of a ReadProcessMemory or WriteProcessMemory request was completed. (0x12B)
[1105/162422.372:ERROR:process_reader_win.cc(242)] ReadMemory at 0x2afa8ab8260 of 76 bytes failed: Only part of a ReadProcessMemory or WriteProcessMemory request was completed. (0x12B)
[1105/162422.372:ERROR:process_reader_win.cc(242)] ReadMemory at 0x2afa8ab83e0 of 80 bytes failed: Only part of a ReadProcessMemory or WriteProcessMemory request was completed. (0x12B)
[1105/162422.372:ERROR:process_reader_win.cc(242)] ReadMemory at 0x2afa8ab9100 of 132 bytes failed: Only part of a ReadProcessMemory or WriteProcessMemory request was completed. (0x12B)
[1105/162422.372:ERROR:process_reader_win.cc(242)] ReadMemory at 0x2afa8ab94d0 of 132 bytes failed: Only part of a ReadProcessMemory or WriteProcessMemory request was completed. (0x12B)
[1105/162422.372:ERROR:process_reader_win.cc(242)] ReadMemory at 0x2afa8ab97d0 of 132 bytes failed: Only part of a ReadProcessMemory or WriteProcessMemory request was completed. (0x12B)
[1105/162422.372:ERROR:process_reader_win.cc(242)] ReadMemory at 0x2afa8ab9a50 of 132 bytes failed: Only part of a ReadProcessMemory or WriteProcessMemory request was completed. (0x12B)
[1105/162422.372:ERROR:process_reader_win.cc(242)] ReadMemory at 0x2afa8ab9d50 of 132 bytes failed: Only part of a ReadProcessMemory or WriteProcessMemory request was completed. (0x12B)
[1105/162422.376:ERROR:process_reader_win.cc(242)] ReadMemory at 0x2afa8ab9e80 of 132 bytes failed: Only part of a ReadProcessMemory or WriteProcessMemory request was completed. (0x12B)
[1105/162422.376:ERROR:process_reader_win.cc(242)] ReadMemory at 0x2afa8ab9fb0 of 132 bytes failed: Only part of a ReadProcessMemory or WriteProcessMemory request was completed. (0x12B)
[1105/162422.376:ERROR:process_reader_win.cc(242)] ReadMemory at 0x2afa8aba0e0 of 132 bytes failed: Only part of a ReadProcessMemory or WriteProcessMemory request was completed. (0x12B)
[1105/162422.376:ERROR:process_reader_win.cc(242)] ReadMemory at 0x2afa8aba210 of 132 bytes failed: Only part of a ReadProcessMemory or WriteProcessMemory request was completed. (0x12B)
[1105/162422.376:ERROR:process_reader_win.cc(242)] ReadMemory at 0x2afa8aba340 of 132 bytes failed: Only part of a ReadProcessMemory or WriteProcessMemory request was completed. (0x12B)
[1105/162422.376:ERROR:process_reader_win.cc(242)] ReadMemory at 0x2afa8aba470 of 132 bytes failed: Only part of a ReadProcessMemory or WriteProcessMemory request was completed. (0x12B)
[1105/162422.377:ERROR:process_reader_win.cc(242)] ReadMemory at 0x2afa8aba5a0 of 132 bytes failed: Only part of a ReadProcessMemory or WriteProcessMemory request was completed. (0x12B)
[1105/162422.377:ERROR:process_reader_win.cc(242)] ReadMemory at 0x2afa8aba6d0 of 132 bytes failed: Only part of a ReadProcessMemory or WriteProcessMemory request was completed. (0x12B)
[1105/162422.377:ERROR:process_reader_win.cc(242)] ReadMemory at 0x2afa8aba800 of 132 bytes failed: Only part of a ReadProcessMemory or WriteProcessMemory request was completed. (0x12B)
[1105/162422.377:ERROR:process_reader_win.cc(242)] ReadMemory at 0x2afa8aba930 of 132 bytes failed: Only part of a ReadProcessMemory or WriteProcessMemory request was completed. (0x12B)
[1105/162422.377:ERROR:process_reader_win.cc(242)] ReadMemory at 0x2afa8abaa60 of 132 bytes failed: Only part of a ReadProcessMemory or WriteProcessMemory request was completed. (0x12B)
[1105/162422.377:ERROR:process_reader_win.cc(242)] ReadMemory at 0x2afa8abab90 of 132 bytes failed: Only part of a ReadProcessMemory or WriteProcessMemory request was completed. (0x12B)
[1105/162422.377:ERROR:process_reader_win.cc(242)] ReadMemory at 0x2afa8abed70 of 132 bytes failed: Only part of a ReadProcessMemory or WriteProcessMemory request was completed. (0x12B)
[1105/162422.377:ERROR:process_reader_win.cc(242)] ReadMemory at 0x2afa8abeea0 of 132 bytes failed: Only part of a ReadProcessMemory or WriteProcessMemory request was completed. (0x12B)
[1105/162422.377:ERROR:process_reader_win.cc(242)] ReadMemory at 0x2afa8abefd0 of 132 bytes failed: Only part of a ReadProcessMemory or WriteProcessMemory request was completed. (0x12B)
[1105/162422.377:ERROR:process_reader_win.cc(242)] ReadMemory at 0x2afa8abf100 of 132 bytes failed: Only part of a ReadProcessMemory or WriteProcessMemory request was completed. (0x12B)
[1105/162422.377:ERROR:process_reader_win.cc(242)] ReadMemory at 0x2afa8abf230 of 132 bytes failed: Only part of a ReadProcessMemory or WriteProcessMemory request was completed. (0x12B)
[1105/162422.377:ERROR:process_reader_win.cc(242)] ReadMemory at 0x2afa8abf360 of 132 bytes failed: Only part of a ReadProcessMemory or WriteProcessMemory request was completed. (0x12B)
[1105/162422.377:ERROR:process_reader_win.cc(242)] ReadMemory at 0x2afa8abf5c0 of 132 bytes failed: Only part of a ReadProcessMemory or WriteProcessMemory request was completed. (0x12B)
[1105/162422.377:ERROR:process_reader_win.cc(242)] ReadMemory at 0x2afa8abf6f0 of 132 bytes failed: Only part of a ReadProcessMemory or WriteProcessMemory request was completed. (0x12B)
[1105/162422.377:ERROR:process_reader_win.cc(242)] ReadMemory at 0x2afa8abf820 of 132 bytes failed: Only part of a ReadProcessMemory or WriteProcessMemory request was completed. (0x12B)
[1105/162422.377:ERROR:process_reader_win.cc(242)] ReadMemory at 0x2afa8abf950 of 132 bytes failed: Only part of a ReadProcessMemory or WriteProcessMemory request was completed. (0x12B)
[1105/162422.377:ERROR:process_reader_win.cc(242)] ReadMemory at 0x2afa8abfa80 of 132 bytes failed: Only part of a ReadProcessMemory or WriteProcessMemory request was completed. (0x12B)
[1105/162422.377:ERROR:process_reader_win.cc(242)] ReadMemory at 0x2afa8abfbb0 of 132 bytes failed: Only part of a ReadProcessMemory or WriteProcessMemory request was completed. (0x12B)
[1105/162422.377:ERROR:process_reader_win.cc(242)] ReadMemory at 0x2afa8abfce0 of 132 bytes failed: Only part of a ReadProcessMemory or WriteProcessMemory request was completed. (0x12B)
[1105/162422.377:ERROR:process_reader_win.cc(242)] ReadMemory at 0x2afa8abfe10 of 132 bytes failed: Only part of a ReadProcessMemory or WriteProcessMemory request was completed. (0x12B)
[1105/162422.377:ERROR:process_reader_win.cc(242)] ReadMemory at 0x2afa8abff40 of 132 bytes failed: Only part of a ReadProcessMemory or WriteProcessMemory request was completed. (0x12B)
[1105/162422.377:ERROR:process_reader_win.cc(242)] ReadMemory at 0x2afa8ac0070 of 132 bytes failed: Only part of a ReadProcessMemory or WriteProcessMemory request was completed. (0x12B)
[1105/162422.381:ERROR:process_reader_win.cc(242)] ReadMemory at 0x2afa8ac01a0 of 132 bytes failed: Only part of a ReadProcessMemory or WriteProcessMemory request was completed. (0x12B)
[1105/162422.381:ERROR:process_reader_win.cc(242)] ReadMemory at 0x2afa8ac02d0 of 132 bytes failed: Only part of a ReadProcessMemory or WriteProcessMemory request was completed. (0x12B)
[1105/162422.381:ERROR:process_reader_win.cc(242)] ReadMemory at 0x2afa8ac0400 of 132 bytes failed: Only part of a ReadProcessMemory or WriteProcessMemory request was completed. (0x12B)
[1105/162422.381:ERROR:process_reader_win.cc(242)] ReadMemory at 0x2afa8ac0530 of 132 bytes failed: Only part of a ReadProcessMemory or WriteProcessMemory request was completed. (0x12B)
[1105/162422.381:ERROR:process_reader_win.cc(242)] ReadMemory at 0x2afa8ac0660 of 132 bytes failed: Only part of a ReadProcessMemory or WriteProcessMemory request was completed. (0x12B)
[1105/162422.381:ERROR:process_reader_win.cc(242)] ReadMemory at 0x2afa8ac0790 of 132 bytes failed: Only part of a ReadProcessMemory or WriteProcessMemory request was completed. (0x12B)
[1105/162422.381:ERROR:process_reader_win.cc(242)] ReadMemory at 0x2afa8ac08c0 of 132 bytes failed: Only part of a ReadProcessMemory or WriteProcessMemory request was completed. (0x12B)
[1105/162422.381:ERROR:process_reader_win.cc(242)] ReadMemory at 0x2afa8ac09f0 of 132 bytes failed: Only part of a ReadProcessMemory or WriteProcessMemory request was completed. (0x12B)
[1105/162422.381:ERROR:process_reader_win.cc(242)] ReadMemory at 0x2afa8ac0b20 of 132 bytes failed: Only part of a ReadProcessMemory or WriteProcessMemory request was completed. (0x12B)
[1105/162422.381:ERROR:process_reader_win.cc(242)] ReadMemory at 0x2afa8ac11e0 of 58 bytes failed: Only part of a ReadProcessMemory or WriteProcessMemory request was completed. (0x12B)
[1105/162422.381:ERROR:process_reader_win.cc(242)] ReadMemory at 0x2afa8ac12d0 of 60 bytes failed: Only part of a ReadProcessMemory or WriteProcessMemory request was completed. (0x12B)
[1105/162422.381:ERROR:process_reader_win.cc(242)] ReadMemory at 0x2afa8ac14b0 of 62 bytes failed: Only part of a ReadProcessMemory or WriteProcessMemory request was completed. (0x12B)
[1105/162422.381:ERROR:process_reader_win.cc(242)] ReadMemory at 0x2afa8ac16e0 of 62 bytes failed: Only part of a ReadProcessMemory or WriteProcessMemory request was completed. (0x12B)
[1105/162422.381:ERROR:process_reader_win.cc(242)] ReadMemory at 0x2afa8ac6300 of 54 bytes failed: Only part of a ReadProcessMemory or WriteProcessMemory request was completed. (0x12B)
[1105/162422.381:ERROR:process_reader_win.cc(242)] ReadMemory at 0x2afa8ac6580 of 54 bytes failed: Only part of a ReadProcessMemory or WriteProcessMemory request was completed. (0x12B)
[1105/162422.381:ERROR:process_reader_win.cc(242)] ReadMemory at 0x2afa8ac6f80 of 52 bytes failed: Only part of a ReadProcessMemory or WriteProcessMemory request was completed. (0x12B)
[1105/162422.381:ERROR:process_reader_win.cc(242)] ReadMemory at 0x2afa8ac8960 of 98 bytes failed: Only part of a ReadProcessMemory or WriteProcessMemory request was completed. (0x12B)
[1105/162422.381:ERROR:process_reader_win.cc(242)] ReadMemory at 0x2afa8ad09d0 of 60 bytes failed: Only part of a ReadProcessMemory or WriteProcessMemory request was completed. (0x12B)
[1105/162422.381:ERROR:process_reader_win.cc(242)] ReadMemory at 0x2afa8ad0a20 of 60 bytes failed: Only part of a ReadProcessMemory or WriteProcessMemory request was completed. (0x12B)
[1105/162422.381:ERROR:process_reader_win.cc(242)] ReadMemory at 0x2afa8ad0a70 of 64 bytes failed: Only part of a ReadProcessMemory or WriteProcessMemory request was completed. (0x12B)
[1105/162422.381:ERROR:process_reader_win.cc(242)] ReadMemory at 0x2afa8ad0ac0 of 62 bytes failed: Only part of a ReadProcessMemory or WriteProcessMemory request was completed. (0x12B)
[1105/162422.381:ERROR:process_reader_win.cc(242)] ReadMemory at 0x2afa8ad0b10 of 62 bytes failed: Only part of a ReadProcessMemory or WriteProcessMemory request was completed. (0x12B)
[1105/162422.381:ERROR:process_reader_win.cc(242)] ReadMemory at 0x2afa8ad0b60 of 60 bytes failed: Only part of a ReadProcessMemory or WriteProcessMemory request was completed. (0x12B)
[1105/162422.381:ERROR:process_reader_win.cc(242)] ReadMemory at 0x2afa8ad0bb0 of 62 bytes failed: Only part of a ReadProcessMemory or WriteProcessMemory request was completed. (0x12B)
[1105/162422.381:ERROR:process_reader_win.cc(242)] ReadMemory at 0x2afa8ad0c00 of 58 bytes failed: Only part of a ReadProcessMemory or WriteProcessMemory request was completed. (0x12B)
[1105/162422.381:ERROR:process_reader_win.cc(242)] ReadMemory at 0x2afa8ad0c50 of 56 bytes failed: Only part of a ReadProcessMemory or WriteProcessMemory request was completed. (0x12B)
[1105/162422.385:ERROR:process_reader_win.cc(242)] ReadMemory at 0x2afa8ad0ca0 of 58 bytes failed: Only part of a ReadProcessMemory or WriteProcessMemory request was completed. (0x12B)
[1105/162422.385:ERROR:process_reader_win.cc(242)] ReadMemory at 0x2afa8ad0cf0 of 64 bytes failed: Only part of a ReadProcessMemory or WriteProcessMemory request was completed. (0x12B)
[1105/162422.385:ERROR:process_reader_win.cc(242)] ReadMemory at 0x2afa8ad0d40 of 64 bytes failed: Only part of a ReadProcessMemory or WriteProcessMemory request was completed. (0x12B)
[1105/162422.385:ERROR:process_reader_win.cc(242)] ReadMemory at 0x2afa8ad0d90 of 58 bytes failed: Only part of a ReadProcessMemory or WriteProcessMemory request was completed. (0x12B)
[1105/162422.385:ERROR:process_reader_win.cc(242)] ReadMemory at 0x2afa8ad0de0 of 60 bytes failed: Only part of a ReadProcessMemory or WriteProcessMemory request was completed. (0x12B)
[1105/162422.385:ERROR:process_reader_win.cc(242)] ReadMemory at 0x2afa8ad1060 of 64 bytes failed: Only part of a ReadProcessMemory or WriteProcessMemory request was completed. (0x12B)
[1105/162422.385:ERROR:process_reader_win.cc(242)] ReadMemory at 0x2afa8ad10b0 of 58 bytes failed: Only part of a ReadProcessMemory or WriteProcessMemory request was completed. (0x12B)
[1105/162422.386:ERROR:process_reader_win.cc(242)] ReadMemory at 0x2afa8ad1150 of 64 bytes failed: Only part of a ReadProcessMemory or WriteProcessMemory request was completed. (0x12B)
[1105/162422.386:ERROR:process_reader_win.cc(242)] ReadMemory at 0x2afa8ad11a0 of 60 bytes failed: Only part of a ReadProcessMemory or WriteProcessMemory request was completed. (0x12B)
[1105/162422.386:ERROR:process_reader_win.cc(242)] ReadMemory at 0x2afa8ad1240 of 60 bytes failed: Only part of a ReadProcessMemory or WriteProcessMemory request was completed. (0x12B)
[1105/162422.386:ERROR:process_reader_win.cc(242)] ReadMemory at 0x2afa8ad1290 of 56 bytes failed: Only part of a ReadProcessMemory or WriteProcessMemory request was completed. (0x12B)
[1105/162422.386:ERROR:process_reader_win.cc(242)] ReadMemory at 0x2afa8ad12e0 of 58 bytes failed: Only part of a ReadProcessMemory or WriteProcessMemory request was completed. (0x12B)
[1105/162422.386:ERROR:process_reader_win.cc(242)] ReadMemory at 0x2afa8ad1330 of 66 bytes failed: Only part of a ReadProcessMemory or WriteProcessMemory request was completed. (0x12B)
[1105/162422.386:ERROR:process_reader_win.cc(242)] ReadMemory at 0x2afa8ad1420 of 64 bytes failed: Only part of a ReadProcessMemory or WriteProcessMemory request was completed. (0x12B)
[1105/162422.386:ERROR:process_reader_win.cc(242)] ReadMemory at 0x2afa8ad1470 of 64 bytes failed: Only part of a ReadProcessMemory or WriteProcessMemory request was completed. (0x12B)
[1105/162422.386:ERROR:process_reader_win.cc(242)] ReadMemory at 0x2afa8ad14c0 of 66 bytes failed: Only part of a ReadProcessMemory or WriteProcessMemory request was completed. (0x12B)
[1105/162422.386:ERROR:process_reader_win.cc(242)] ReadMemory at 0x2afa8ad1510 of 62 bytes failed: Only part of a ReadProcessMemory or WriteProcessMemory request was completed. (0x12B)
[1105/162422.386:ERROR:process_reader_win.cc(242)] ReadMemory at 0x2afa8ad1560 of 62 bytes failed: Only part of a ReadProcessMemory or WriteProcessMemory request was completed. (0x12B)
[1105/162422.386:ERROR:process_reader_win.cc(242)] ReadMemory at 0x2afa8ad15b0 of 64 bytes failed: Only part of a ReadProcessMemory or WriteProcessMemory request was completed. (0x12B)
[1105/162422.386:ERROR:process_reader_win.cc(242)] ReadMemory at 0x2afa8ad1600 of 60 bytes failed: Only part of a ReadProcessMemory or WriteProcessMemory request was completed. (0x12B)
[1105/162422.386:ERROR:process_reader_win.cc(242)] ReadMemory at 0x2afa8ad1650 of 62 bytes failed: Only part of a ReadProcessMemory or WriteProcessMemory request was completed. (0x12B)
[1105/162422.386:ERROR:process_reader_win.cc(242)] ReadMemory at 0x2afa8ad16f0 of 62 bytes failed: Only part of a ReadProcessMemory or WriteProcessMemory request was completed. (0x12B)
[1105/162422.386:ERROR:process_reader_win.cc(242)] ReadMemory at 0x2afa8ad1740 of 62 bytes failed: Only part of a ReadProcessMemory or WriteProcessMemory request was completed. (0x12B)
[1105/162422.386:ERROR:process_reader_win.cc(242)] ReadMemory at 0x2afa8ad17e0 of 60 bytes failed: Only part of a ReadProcessMemory or WriteProcessMemory request was completed. (0x12B)
[1105/162422.386:ERROR:process_reader_win.cc(242)] ReadMemory at 0x2afa8ad1830 of 58 bytes failed: Only part of a ReadProcessMemory or WriteProcessMemory request was completed. (0x12B)
[1105/162422.386:ERROR:process_reader_win.cc(242)] ReadMemory at 0x2afa8ad18d0 of 60 bytes failed: Only part of a ReadProcessMemory or WriteProcessMemory request was completed. (0x12B)
[1105/162422.386:ERROR:process_reader_win.cc(242)] ReadMemory at 0x2afa8ad1920 of 64 bytes failed: Only part of a ReadProcessMemory or WriteProcessMemory request was completed. (0x12B)
[1105/162422.386:ERROR:process_reader_win.cc(242)] ReadMemory at 0x2afa8ad23b0 of 106 bytes failed: Only part of a ReadProcessMemory or WriteProcessMemory request was completed. (0x12B)
[1105/162422.386:ERROR:process_reader_win.cc(242)] ReadMemory at 0x2afa8ad3dd0 of 512 bytes failed: Only part of a ReadProcessMemory or WriteProcessMemory request was completed. (0x12B)
[1105/162422.386:ERROR:process_reader_win.cc(242)] ReadMemory at 0x2afa8ad52b0 of 132 bytes failed: Only part of a ReadProcessMemory or WriteProcessMemory request was completed. (0x12B)
[1105/162422.386:ERROR:process_reader_win.cc(242)] ReadMemory at 0x2afa8ad53e0 of 132 bytes failed: Only part of a ReadProcessMemory or WriteProcessMemory request was completed. (0x12B)
[1105/162422.386:ERROR:process_reader_win.cc(242)] ReadMemory at 0x2afa8ad5510 of 132 bytes failed: Only part of a ReadProcessMemory or WriteProcessMemory request was completed. (0x12B)
[1105/162422.386:ERROR:process_reader_win.cc(242)] ReadMemory at 0x2afa8ad5640 of 132 bytes failed: Only part of a ReadProcessMemory or WriteProcessMemory request was completed. (0x12B)
[1105/162422.390:ERROR:process_reader_win.cc(242)] ReadMemory at 0x2afa8ad5770 of 132 bytes failed: Only part of a ReadProcessMemory or WriteProcessMemory request was completed. (0x12B)
[1105/162422.390:ERROR:process_reader_win.cc(242)] ReadMemory at 0x2afa8ad58a0 of 132 bytes failed: Only part of a ReadProcessMemory or WriteProcessMemory request was completed. (0x12B)
[1105/162422.390:ERROR:process_reader_win.cc(242)] ReadMemory at 0x2afa8ad59d0 of 132 bytes failed: Only part of a ReadProcessMemory or WriteProcessMemory request was completed. (0x12B)
[1105/162422.390:ERROR:process_reader_win.cc(242)] ReadMemory at 0x2afa8ad5b00 of 132 bytes failed: Only part of a ReadProcessMemory or WriteProcessMemory request was completed. (0x12B)
[1105/162422.390:ERROR:process_reader_win.cc(242)] ReadMemory at 0x2afa8ad5c30 of 132 bytes failed: Only part of a ReadProcessMemory or WriteProcessMemory request was completed. (0x12B)
[1105/162422.390:ERROR:process_reader_win.cc(242)] ReadMemory at 0x2afa8ad5d60 of 132 bytes failed: Only part of a ReadProcessMemory or WriteProcessMemory request was completed. (0x12B)
[1105/162422.390:ERROR:process_reader_win.cc(242)] ReadMemory at 0x2afa8ad5e90 of 132 bytes failed: Only part of a ReadProcessMemory or WriteProcessMemory request was completed. (0x12B)
[1105/162422.390:ERROR:process_reader_win.cc(242)] ReadMemory at 0x2afa8ad5fc0 of 132 bytes failed: Only part of a ReadProcessMemory or WriteProcessMemory request was completed. (0x12B)
[1105/162422.390:ERROR:process_reader_win.cc(242)] ReadMemory at 0x2afa8ad60f0 of 132 bytes failed: Only part of a ReadProcessMemory or WriteProcessMemory request was completed. (0x12B)
[1105/162422.390:ERROR:process_reader_win.cc(242)] ReadMemory at 0x2afa8ad6220 of 132 bytes failed: Only part of a ReadProcessMemory or WriteProcessMemory request was completed. (0x12B)
[1105/162422.390:ERROR:process_reader_win.cc(242)] ReadMemory at 0x2afa8ad6350 of 132 bytes failed: Only part of a ReadProcessMemory or WriteProcessMemory request was completed. (0x12B)
[1105/162422.390:ERROR:process_reader_win.cc(242)] ReadMemory at 0x2afa8ad65b0 of 132 bytes failed: Only part of a ReadProcessMemory or WriteProcessMemory request was completed. (0x12B)
[1105/162422.390:ERROR:process_reader_win.cc(242)] ReadMemory at 0x2afa8ad66e0 of 132 bytes failed: Only part of a ReadProcessMemory or WriteProcessMemory request was completed. (0x12B)
[1105/162422.390:ERROR:process_reader_win.cc(242)] ReadMemory at 0x2afa8ad6810 of 132 bytes failed: Only part of a ReadProcessMemory or WriteProcessMemory request was completed. (0x12B)
[1105/162422.390:ERROR:process_reader_win.cc(242)] ReadMemory at 0x2afa8ad6940 of 132 bytes failed: Only part of a ReadProcessMemory or WriteProcessMemory request was completed. (0x12B)
[1105/162422.390:ERROR:process_reader_win.cc(242)] ReadMemory at 0x2afa8ad6a70 of 132 bytes failed: Only part of a ReadProcessMemory or WriteProcessMemory request was completed. (0x12B)
[1105/162422.390:ERROR:process_reader_win.cc(242)] ReadMemory at 0x2afa8ad6cd0 of 132 bytes failed: Only part of a ReadProcessMemory or WriteProcessMemory request was completed. (0x12B)
[1105/162422.390:ERROR:process_reader_win.cc(242)] ReadMemory at 0x2afa8ad6e00 of 132 bytes failed: Only part of a ReadProcessMemory or WriteProcessMemory request was completed. (0x12B)
[1105/162422.390:ERROR:process_reader_win.cc(242)] ReadMemory at 0x2afa8ad6f30 of 132 bytes failed: Only part of a ReadProcessMemory or WriteProcessMemory request was completed. (0x12B)
[1105/162422.390:ERROR:process_reader_win.cc(242)] ReadMemory at 0x2afa8ad7060 of 132 bytes failed: Only part of a ReadProcessMemory or WriteProcessMemory request was completed. (0x12B)
[1105/162422.390:ERROR:process_reader_win.cc(242)] ReadMemory at 0x2afa8ad9aa0 of 72 bytes failed: Only part of a ReadProcessMemory or WriteProcessMemory request was completed. (0x12B)
[1105/162422.390:ERROR:process_reader_win.cc(242)] ReadMemory at 0x2afa8adb080 of 246 bytes failed: Only part of a ReadProcessMemory or WriteProcessMemory request was completed. (0x12B)
[1105/162422.390:ERROR:process_reader_win.cc(242)] ReadMemory at 0x2afa8adda90 of 132 bytes failed: Only part of a ReadProcessMemory or WriteProcessMemory request was completed. (0x12B)
[1105/162422.390:ERROR:process_reader_win.cc(242)] ReadMemory at 0x2afa8addbc0 of 132 bytes failed: Only part of a ReadProcessMemory or WriteProcessMemory request was completed. (0x12B)
[1105/162422.390:ERROR:process_reader_win.cc(242)] ReadMemory at 0x2afa8adde20 of 132 bytes failed: Only part of a ReadProcessMemory or WriteProcessMemory request was completed. (0x12B)
[1105/162422.390:ERROR:process_reader_win.cc(242)] ReadMemory at 0x2afa8addf50 of 132 bytes failed: Only part of a ReadProcessMemory or WriteProcessMemory request was completed. (0x12B)
[1105/162422.395:ERROR:process_reader_win.cc(242)] ReadMemory at 0x2afa8ade080 of 132 bytes failed: Only part of a ReadProcessMemory or WriteProcessMemory request was completed. (0x12B)
[1105/162422.395:ERROR:process_reader_win.cc(242)] ReadMemory at 0x2afa8ade1b0 of 132 bytes failed: Only part of a ReadProcessMemory or WriteProcessMemory request was completed. (0x12B)
[1105/162422.395:ERROR:process_reader_win.cc(242)] ReadMemory at 0x2afa8ade2e0 of 132 bytes failed: Only part of a ReadProcessMemory or WriteProcessMemory request was completed. (0x12B)
[1105/162422.395:ERROR:process_reader_win.cc(242)] ReadMemory at 0x2afa8ade410 of 132 bytes failed: Only part of a ReadProcessMemory or WriteProcessMemory request was completed. (0x12B)
[1105/162422.395:ERROR:process_reader_win.cc(242)] ReadMemory at 0x2afa8ade540 of 132 bytes failed: Only part of a ReadProcessMemory or WriteProcessMemory request was completed. (0x12B)
[1105/162422.395:ERROR:process_reader_win.cc(242)] ReadMemory at 0x2afa8ade670 of 132 bytes failed: Only part of a ReadProcessMemory or WriteProcessMemory request was completed. (0x12B)
[1105/162422.396:ERROR:process_reader_win.cc(242)] ReadMemory at 0x2afa8adea00 of 132 bytes failed: Only part of a ReadProcessMemory or WriteProcessMemory request was completed. (0x12B)
[1105/162422.396:ERROR:process_reader_win.cc(242)] ReadMemory at 0x2afa8adeb30 of 132 bytes failed: Only part of a ReadProcessMemory or WriteProcessMemory request was completed. (0x12B)
[1105/162422.396:ERROR:process_reader_win.cc(242)] ReadMemory at 0x2afa8adec60 of 132 bytes failed: Only part of a ReadProcessMemory or WriteProcessMemory request was completed. (0x12B)
[1105/162422.396:ERROR:process_reader_win.cc(242)] ReadMemory at 0x2afa8aded90 of 132 bytes failed: Only part of a ReadProcessMemory or WriteProcessMemory request was completed. (0x12B)
[1105/162422.396:ERROR:process_reader_win.cc(242)] ReadMemory at 0x2afa8adeec0 of 132 bytes failed: Only part of a ReadProcessMemory or WriteProcessMemory request was completed. (0x12B)
[1105/162422.396:ERROR:process_reader_win.cc(242)] ReadMemory at 0x2afa8adeff0 of 132 bytes failed: Only part of a ReadProcessMemory or WriteProcessMemory request was completed. (0x12B)
[1105/162422.396:ERROR:process_reader_win.cc(242)] ReadMemory at 0x2afa8adf250 of 132 bytes failed: Only part of a ReadProcessMemory or WriteProcessMemory request was completed. (0x12B)
[1105/162422.396:ERROR:process_reader_win.cc(242)] ReadMemory at 0x2afa8adf4b0 of 132 bytes failed: Only part of a ReadProcessMemory or WriteProcessMemory request was completed. (0x12B)
[1105/162422.396:ERROR:process_reader_win.cc(242)] ReadMemory at 0x2afa8adf5e0 of 132 bytes failed: Only part of a ReadProcessMemory or WriteProcessMemory request was completed. (0x12B)
[1105/162422.396:ERROR:process_reader_win.cc(242)] ReadMemory at 0x2afa8adf710 of 132 bytes failed: Only part of a ReadProcessMemory or WriteProcessMemory request was completed. (0x12B)
[1105/162422.396:ERROR:process_reader_win.cc(242)] ReadMemory at 0x2afa8adf840 of 132 bytes failed: Only part of a ReadProcessMemory or WriteProcessMemory request was completed. (0x12B)
[1105/162422.396:ERROR:process_reader_win.cc(242)] ReadMemory at 0x2afa8adfb40 of 60 bytes failed: Only part of a ReadProcessMemory or WriteProcessMemory request was completed. (0x12B)
[1105/162422.396:ERROR:process_reader_win.cc(242)] ReadMemory at 0x2afa8adfbe0 of 60 bytes failed: Only part of a ReadProcessMemory or WriteProcessMemory request was completed. (0x12B)
[1105/162422.396:ERROR:process_reader_win.cc(242)] ReadMemory at 0x2afa8ae00e0 of 60 bytes failed: Only part of a ReadProcessMemory or WriteProcessMemory request was completed. (0x12B)
[1105/162422.396:ERROR:process_reader_win.cc(242)] ReadMemory at 0x2afa8ae0130 of 64 bytes failed: Only part of a ReadProcessMemory or WriteProcessMemory request was completed. (0x12B)
[1105/162422.396:ERROR:process_reader_win.cc(242)] ReadMemory at 0x2afa8ae0310 of 60 bytes failed: Only part of a ReadProcessMemory or WriteProcessMemory request was completed. (0x12B)
[1105/162422.396:ERROR:process_reader_win.cc(242)] ReadMemory at 0x2afa8ae04f0 of 64 bytes failed: Only part of a ReadProcessMemory or WriteProcessMemory request was completed. (0x12B)
[1105/162422.396:ERROR:process_reader_win.cc(242)] ReadMemory at 0x2afa8ae0720 of 64 bytes failed: Only part of a ReadProcessMemory or WriteProcessMemory request was completed. (0x12B)
[1105/162422.396:ERROR:process_reader_win.cc(242)] ReadMemory at 0x2afa8ae08b0 of 60 bytes failed: Only part of a ReadProcessMemory or WriteProcessMemory request was completed. (0x12B)
[1105/162422.396:ERROR:process_reader_win.cc(242)] ReadMemory at 0x2afa8affd60 of 60 bytes failed: Only part of a ReadProcessMemory or WriteProcessMemory request was completed. (0x12B)
[1105/162422.396:ERROR:process_reader_win.cc(242)] ReadMemory at 0x2afa8afff90 of 70 bytes failed: Only part of a ReadProcessMemory or WriteProcessMemory request was completed. (0x12B)
[1105/162422.396:ERROR:process_reader_win.cc(242)] ReadMemory at 0x2afa8b00260 of 62 bytes failed: Only part of a ReadProcessMemory or WriteProcessMemory request was completed. (0x12B)
[1105/162422.396:ERROR:process_reader_win.cc(242)] ReadMemory at 0x2afa8b00580 of 62 bytes failed: Only part of a ReadProcessMemory or WriteProcessMemory request was completed. (0x12B)
[1105/162422.396:ERROR:process_reader_win.cc(242)] ReadMemory at 0x2afa8b006c0 of 62 bytes failed: Only part of a ReadProcessMemory or WriteProcessMemory request was completed. (0x12B)
[1105/162422.396:ERROR:process_reader_win.cc(242)] ReadMemory at 0x2afa8b00bc0 of 68 bytes failed: Only part of a ReadProcessMemory or WriteProcessMemory request was completed. (0x12B)
[1105/162422.396:ERROR:process_reader_win.cc(242)] ReadMemory at 0x2afa8b03390 of 58 bytes failed: Only part of a ReadProcessMemory or WriteProcessMemory request was completed. (0x12B)
[1105/162422.396:ERROR:process_reader_win.cc(242)] ReadMemory at 0x2afa8b062e0 of 58 bytes failed: Only part of a ReadProcessMemory or WriteProcessMemory request was completed. (0x12B)
[1105/162422.396:ERROR:process_reader_win.cc(242)] ReadMemory at 0x2afa8b11300 of 92 bytes failed: Only part of a ReadProcessMemory or WriteProcessMemory request was completed. (0x12B)
[1105/162422.400:ERROR:process_reader_win.cc(242)] ReadMemory at 0x2afa8b253a0 of 196 bytes failed: Only part of a ReadProcessMemory or WriteProcessMemory request was completed. (0x12B)
[1105/162422.400:ERROR:process_reader_win.cc(242)] ReadMemory at 0x2afa8b31520 of 184 bytes failed: Only part of a ReadProcessMemory or WriteProcessMemory request was completed. (0x12B)
[1105/162422.400:ERROR:process_reader_win.cc(242)] ReadMemory at 0x2afa8c70f40 of 512 bytes failed: Only part of a ReadProcessMemory or WriteProcessMemory request was completed. (0x12B)
[1105/162422.400:ERROR:process_reader_win.cc(242)] ReadMemory at 0x2afa8c9ff80 of 512 bytes failed: Only part of a ReadProcessMemory or WriteProcessMemory request was completed. (0x12B)
[1105/162422.400:ERROR:process_reader_win.cc(242)] ReadMemory at 0x2afaa689010 of 688 bytes failed: Only part of a ReadProcessMemory or WriteProcessMemory request was completed. (0x12B)
[1105/162422.400:ERROR:process_reader_win.cc(242)] ReadMemory at 0x2afaa68fc68 of 512 bytes failed: Only part of a ReadProcessMemory or WriteProcessMemory request was completed. (0x12B)
[1105/162422.400:ERROR:process_reader_win.cc(242)] ReadMemory at 0x2afaa692c90 of 512 bytes failed: Only part of a ReadProcessMemory or WriteProcessMemory request was completed. (0x12B)
[1105/162422.400:ERROR:process_reader_win.cc(242)] ReadMemory at 0x2afaa6983f0 of 512 bytes failed: Only part of a ReadProcessMemory or WriteProcessMemory request was completed. (0x12B)
[1105/162422.400:ERROR:process_reader_win.cc(242)] ReadMemory at 0x2afaa69b1e8 of 512 bytes failed: Only part of a ReadProcessMemory or WriteProcessMemory request was completed. (0x12B)
[1105/162422.400:ERROR:process_reader_win.cc(242)] ReadMemory at 0x2afaa6f88b0 of 512 bytes failed: Only part of a ReadProcessMemory or WriteProcessMemory request was completed. (0x12B)
[1105/162422.400:ERROR:process_reader_win.cc(242)] ReadMemory at 0x2afaa6f93b0 of 512 bytes failed: Only part of a ReadProcessMemory or WriteProcessMemory request was completed. (0x12B)
[1105/162422.400:ERROR:process_reader_win.cc(242)] ReadMemory at 0x2afaa6f9eb0 of 512 bytes failed: Only part of a ReadProcessMemory or WriteProcessMemory request was completed. (0x12B)
[1105/162422.400:ERROR:process_reader_win.cc(242)] ReadMemory at 0x2afaa7157e0 of 512 bytes failed: Only part of a ReadProcessMemory or WriteProcessMemory request was completed. (0x12B)
[1105/162422.400:ERROR:process_reader_win.cc(242)] ReadMemory at 0x2afaa726100 of 512 bytes failed: Only part of a ReadProcessMemory or WriteProcessMemory request was completed. (0x12B)
[1105/162422.400:ERROR:process_reader_win.cc(242)] ReadMemory at 0x2afb15d6380 of 66 bytes failed: Only part of a ReadProcessMemory or WriteProcessMemory request was completed. (0x12B)
[1105/162422.400:ERROR:process_reader_win.cc(242)] ReadMemory at 0x2afb15d6920 of 62 bytes failed: Only part of a ReadProcessMemory or WriteProcessMemory request was completed. (0x12B)
[1105/162422.400:ERROR:process_reader_win.cc(242)] ReadMemory at 0x2afb15d97c0 of 196 bytes failed: Only part of a ReadProcessMemory or WriteProcessMemory request was completed. (0x12B)
[1105/162422.400:ERROR:process_reader_win.cc(242)] ReadMemory at 0x2afb1600650 of 512 bytes failed: Only part of a ReadProcessMemory or WriteProcessMemory request was completed. (0x12B)
[1105/162422.400:ERROR:process_reader_win.cc(242)] ReadMemory at 0x2afb162c9a0 of 512 bytes failed: Only part of a ReadProcessMemory or WriteProcessMemory request was completed. (0x12B)
[1105/162422.403:ERROR:process_reader_win.cc(242)] ReadMemory at 0x2afb162ecb0 of 512 bytes failed: Only part of a ReadProcessMemory or WriteProcessMemory request was completed. (0x12B)
[1105/162422.403:ERROR:process_reader_win.cc(242)] ReadMemory at 0x2afb16583e0 of 62 bytes failed: Only part of a ReadProcessMemory or WriteProcessMemory request was completed. (0x12B)
[1105/162422.403:ERROR:process_reader_win.cc(242)] ReadMemory at 0x2afb409f468 of 512 bytes failed: Only part of a ReadProcessMemory or WriteProcessMemory request was completed. (0x12B)
[1105/162422.403:ERROR:process_reader_win.cc(242)] ReadMemory at 0x2afb40b0680 of 512 bytes failed: Only part of a ReadProcessMemory or WriteProcessMemory request was completed. (0x12B)
[1105/162422.403:ERROR:process_reader_win.cc(242)] ReadMemory at 0x2afb4608ad0 of 688 bytes failed: Only part of a ReadProcessMemory or WriteProcessMemory request was completed. (0x12B)
[1105/162422.404:ERROR:process_reader_win.cc(242)] ReadMemory at 0x2afb54e0d70 of 512 bytes failed: Only part of a ReadProcessMemory or WriteProcessMemory request was completed. (0x12B)
[1105/162422.404:ERROR:process_reader_win.cc(242)] ReadMemory at 0x7ffe110b827a of 512 bytes failed: Only part of a ReadProcessMemory or WriteProcessMemory request was completed. (0x12B)
[1105/162422.404:ERROR:process_reader_win.cc(242)] ReadMemory at 0x7ffe110b893b of 512 bytes failed: Only part of a ReadProcessMemory or WriteProcessMemory request was completed. (0x12B)
[1105/162422.404:ERROR:process_reader_win.cc(242)] ReadMemory at 0x7ffe143a14e0 of 512 bytes failed: Only part of a ReadProcessMemory or WriteProcessMemory request was completed. (0x12B)
[1105/162422.404:ERROR:process_reader_win.cc(242)] ReadMemory at 0x7ffe5c2e28b0 of 512 bytes failed: Only part of a ReadProcessMemory or WriteProcessMemory request was completed. (0x12B)
[1105/162422.404:ERROR:process_reader_win.cc(242)] ReadMemory at 0x7ffe68d69664 of 512 bytes failed: Only part of a ReadProcessMemory or WriteProcessMemory request was completed. (0x12B)
[1105/162422.405:ERROR:process_reader_win.cc(242)] ReadMemory at 0x7ffe69cb8440 of 512 bytes failed: Only part of a ReadProcessMemory or WriteProcessMemory request was completed. (0x12B)
[1105/162422.405:ERROR:process_reader_win.cc(242)] ReadMemory at 0x7ffe69cc0180 of 512 bytes failed: Only part of a ReadProcessMemory or WriteProcessMemory request was completed. (0x12B)
[1105/162422.405:ERROR:process_reader_win.cc(242)] ReadMemory at 0x7ffe69cc0ac0 of 512 bytes failed: Only part of a ReadProcessMemory or WriteProcessMemory request was completed. (0x12B)
[1105/162422.405:ERROR:process_reader_win.cc(242)] ReadMemory at 0x7ffe6c66f260 of 512 bytes failed: Only part of a ReadProcessMemory or WriteProcessMemory request was completed. (0x12B)
[1105/162422.405:ERROR:process_reader_win.cc(242)] ReadMemory at 0x7ffe6c6709e0 of 512 bytes failed: Only part of a ReadProcessMemory or WriteProcessMemory request was completed. (0x12B)
[1105/162422.405:ERROR:process_reader_win.cc(242)] ReadMemory at 0x7ffe6c6712d0 of 512 bytes failed: Only part of a ReadProcessMemory or WriteProcessMemory request was completed. (0x12B)
[1105/162422.405:ERROR:process_reader_win.cc(242)] ReadMemory at 0x7ffe6c6730c0 of 512 bytes failed: Only part of a ReadProcessMemory or WriteProcessMemory request was completed. (0x12B)
[1105/162422.405:ERROR:process_reader_win.cc(242)] ReadMemory at 0x7ffe6c6e9ef4 of 672 bytes failed: Only part of a ReadProcessMemory or WriteProcessMemory request was completed. (0x12B)
[1105/162422.405:ERROR:process_reader_win.cc(242)] ReadMemory at 0x7ffe6c6ea4f4 of 512 bytes failed: Only part of a ReadProcessMemory or WriteProcessMemory request was completed. (0x12B)
[1105/162422.405:ERROR:process_reader_win.cc(242)] ReadMemory at 0x7ffe6c6ed7c4 of 512 bytes failed: Only part of a ReadProcessMemory or WriteProcessMemory request was completed. (0x12B)
[1105/162422.406:ERROR:process_reader_win.cc(242)] ReadMemory at 0x7ffe6c773810 of 18 bytes failed: Only part of a ReadProcessMemory or WriteProcessMemory request was completed. (0x12B)
[1105/162422.406:ERROR:process_reader_win.cc(242)] ReadMemory at 0x7ffe6c7a64e0 of 40 bytes failed: Only part of a ReadProcessMemory or WriteProcessMemory request was completed. (0x12B)
[1105/162422.406:ERROR:process_reader_win.cc(242)] ReadMemory at 0x7ffe6c7a6938 of 48 bytes failed: Only part of a ReadProcessMemory or WriteProcessMemory request was completed. (0x12B)
[1105/162422.406:ERROR:process_reader_win.cc(242)] ReadMemory at 0x7ffe6c7ac360 of 64 bytes failed: Only part of a ReadProcessMemory or WriteProcessMemory request was completed. (0x12B)
[1105/162423.111:WARNING:minidump_to_upload_parameters.cc(66)] duplicate annotation name plat, discarding value Win64
[1105/162423.111:WARNING:minidump_to_upload_parameters.cc(66)] duplicate annotation name prod, discarding value OperaDesktop
[1105/162423.111:WARNING:minidump_to_upload_parameters.cc(66)] duplicate annotation name ver, discarding value 56.0.3051.43
[1105/162423.111:WARNING:minidump_to_upload_parameters.cc(66)] duplicate annotation name channel, discarding value Stable
[1105/162423.111:WARNING:minidump_to_upload_parameters.cc(66)] duplicate annotation name ptype, discarding value gpu-process
[1105/162423.098:ERROR:scoped_process_suspend.cc(40)] NtResumeProcess: An attempt was made to access an exiting process. (0xc000010a)
